c:\users\andre\documents\cheat\repos\csgo\csgo-base-main\strayfaded\debug\vc142.pdb
c:\users\andre\documents\cheat\repos\csgo\csgo-base-main\strayfaded\debug\vc142.idb
c:\users\andre\documents\cheat\repos\csgo\csgo-base-main\strayfaded\debug\worldtoscreen.obj
c:\users\andre\documents\cheat\repos\csgo\csgo-base-main\strayfaded\debug\triggerbot.obj
c:\users\andre\documents\cheat\repos\csgo\csgo-base-main\strayfaded\debug\thirdperson.obj
c:\users\andre\documents\cheat\repos\csgo\csgo-base-main\strayfaded\debug\offsets.obj
c:\users\andre\documents\cheat\repos\csgo\csgo-base-main\strayfaded\debug\localplayer.obj
c:\users\andre\documents\cheat\repos\csgo\csgo-base-main\strayfaded\debug\imgui_widgets.obj
c:\users\andre\documents\cheat\repos\csgo\csgo-base-main\strayfaded\debug\imgui_impl_win32.obj
c:\users\andre\documents\cheat\repos\csgo\csgo-base-main\strayfaded\debug\imgui_impl_dx9.obj
c:\users\andre\documents\cheat\repos\csgo\csgo-base-main\strayfaded\debug\imgui_draw.obj
c:\users\andre\documents\cheat\repos\csgo\csgo-base-main\strayfaded\debug\imgui_demo.obj
c:\users\andre\documents\cheat\repos\csgo\csgo-base-main\strayfaded\debug\imgui.obj
c:\users\andre\documents\cheat\repos\csgo\csgo-base-main\strayfaded\debug\hook.obj
c:\users\andre\documents\cheat\repos\csgo\csgo-base-main\strayfaded\debug\glowthread.obj
c:\users\andre\documents\cheat\repos\csgo\csgo-base-main\strayfaded\debug\fov.obj
c:\users\andre\documents\cheat\repos\csgo\csgo-base-main\strayfaded\debug\entity.obj
c:\users\andre\documents\cheat\repos\csgo\csgo-base-main\strayfaded\debug\engine.obj
c:\users\andre\documents\cheat\repos\csgo\csgo-base-main\strayfaded\debug\drawing.obj
c:\users\andre\documents\cheat\repos\csgo\csgo-base-main\strayfaded\debug\dllmain.obj
c:\users\andre\documents\cheat\repos\csgo\csgo-base-main\strayfaded\debug\directx.obj
c:\users\andre\documents\cheat\repos\csgo\csgo-base-main\strayfaded\debug\bhop.obj
c:\users\andre\documents\cheat\repos\csgo\csgo-base-main\debug\dll.dll
c:\users\andre\documents\cheat\repos\csgo\csgo-base-main\debug\dll.pdb
c:\users\andre\documents\cheat\repos\csgo\csgo-base-main\strayfaded\debug\dll.tlog\cl.command.1.tlog
c:\users\andre\documents\cheat\repos\csgo\csgo-base-main\strayfaded\debug\dll.tlog\cl.read.1.tlog
c:\users\andre\documents\cheat\repos\csgo\csgo-base-main\strayfaded\debug\dll.tlog\cl.write.1.tlog
c:\users\andre\documents\cheat\repos\csgo\csgo-base-main\strayfaded\debug\dll.tlog\link.command.1.tlog
c:\users\andre\documents\cheat\repos\csgo\csgo-base-main\strayfaded\debug\dll.tlog\link.read.1.tlog
c:\users\andre\documents\cheat\repos\csgo\csgo-base-main\strayfaded\debug\dll.tlog\link.write.1.tlog
